<?xml version="1.0" encoding="UTF-8"?>
<testng-results ignored="0" total="4" passed="0" failed="4" skipped="0">
  <reporter-output>
  </reporter-output>
  <suite started-at="2024-09-21T16:25:56 ICT" name="Default suite" finished-at="2024-09-21T16:25:56 ICT" duration-ms="107">
    <groups>
    </groups>
    <test started-at="2024-09-21T16:25:56 ICT" name="Default test" finished-at="2024-09-21T16:25:56 ICT" duration-ms="107">
      <class name="admin.AdminManageCategoryControllerNGTest">
        <test-method is-config="true" signature="setUpClass()[pri:0, instance:admin.AdminManageCategoryControllerNGTest@117632cf]" started-at="2024-09-21T16:25:56 ICT" name="setUpClass" finished-at="2024-09-21T16:25:56 ICT" duration-ms="15" status="PASS">
          <reporter-output>
          </reporter-output>
        </test-method> <!-- setUpClass -->
        <test-method is-config="true" signature="setUpMethod()[pri:0, instance:admin.AdminManageCategoryControllerNGTest@117632cf]" started-at="2024-09-21T16:25:56 ICT" name="setUpMethod" finished-at="2024-09-21T16:25:56 ICT" duration-ms="2" status="PASS">
          <reporter-output>
          </reporter-output>
        </test-method> <!-- setUpMethod -->
        <test-method signature="testDoGet()[pri:0, instance:admin.AdminManageCategoryControllerNGTest@117632cf]" started-at="2024-09-21T16:25:56 ICT" name="testDoGet" finished-at="2024-09-21T16:25:56 ICT" duration-ms="12" status="FAIL">
          <exception class="java.lang.Error">
            <message>
              <![CDATA[Unresolved compilation problems: 
HttpServletRequest cannot be resolved to a type
HttpServletResponse cannot be resolved to a type
]]>
            </message>
            <full-stacktrace>
              <![CDATA[java.lang.Error: Unresolved compilation problems: 
HttpServletRequest cannot be resolved to a type
HttpServletResponse cannot be resolved to a type

at admin.AdminManageCategoryControllerNGTest.testDoGet(AdminManageCategoryControllerNGTest.java:62)
at java.base/jdk.internal.reflect.DirectMethodHandleAccessor.invoke(DirectMethodHandleAccessor.java:103)
at java.base/java.lang.reflect.Method.invoke(Method.java:580)
at org.testng.internal.MethodInvocationHelper.invokeMethod(MethodInvocationHelper.java:133)
at org.testng.internal.TestInvoker.invokeMethod(TestInvoker.java:598)
at org.testng.internal.TestInvoker.invokeTestMethod(TestInvoker.java:173)
at org.testng.internal.MethodRunner.runInSequence(MethodRunner.java:46)
at org.testng.internal.TestInvoker$MethodInvocationAgent.invoke(TestInvoker.java:824)
at org.testng.internal.TestInvoker.invokeTestMethods(TestInvoker.java:146)
at org.testng.internal.TestMethodWorker.invokeTestMethods(TestMethodWorker.java:146)
at org.testng.internal.TestMethodWorker.run(TestMethodWorker.java:128)
at java.base/java.util.ArrayList.forEach(ArrayList.java:1597)
at org.testng.TestRunner.privateRun(TestRunner.java:794)
at org.testng.TestRunner.run(TestRunner.java:596)
at org.testng.SuiteRunner.runTest(SuiteRunner.java:377)
at org.testng.SuiteRunner.runSequentially(SuiteRunner.java:371)
at org.testng.SuiteRunner.privateRun(SuiteRunner.java:332)
at org.testng.SuiteRunner.run(SuiteRunner.java:276)
at org.testng.SuiteRunnerWorker.runSuite(SuiteRunnerWorker.java:53)
at org.testng.SuiteRunnerWorker.run(SuiteRunnerWorker.java:96)
at org.testng.TestNG.runSuitesSequentially(TestNG.java:1212)
at org.testng.TestNG.runSuitesLocally(TestNG.java:1134)
at org.testng.TestNG.runSuites(TestNG.java:1063)
at org.testng.TestNG.run(TestNG.java:1031)
at org.testng.remote.AbstractRemoteTestNG.run(AbstractRemoteTestNG.java:115)
at org.testng.remote.RemoteTestNG.initAndRun(RemoteTestNG.java:293)
at org.testng.remote.RemoteTestNG.main(RemoteTestNG.java:91)
]]>
            </full-stacktrace>
          </exception> <!-- java.lang.Error -->
          <reporter-output>
          </reporter-output>
        </test-method> <!-- testDoGet -->
        <test-method is-config="true" signature="tearDownMethod()[pri:0, instance:admin.AdminManageCategoryControllerNGTest@117632cf]" started-at="2024-09-21T16:25:56 ICT" name="tearDownMethod" finished-at="2024-09-21T16:25:56 ICT" duration-ms="1" status="PASS">
          <reporter-output>
          </reporter-output>
        </test-method> <!-- tearDownMethod -->
        <test-method signature="testDoPost()[pri:0, instance:admin.AdminManageCategoryControllerNGTest@117632cf]" started-at="2024-09-21T16:25:56 ICT" name="testDoPost" finished-at="2024-09-21T16:25:56 ICT" duration-ms="3" status="FAIL">
          <exception class="java.lang.Error">
            <message>
              <![CDATA[Unresolved compilation problems: 
HttpServletRequest cannot be resolved to a type
HttpServletResponse cannot be resolved to a type
]]>
            </message>
            <full-stacktrace>
              <![CDATA[java.lang.Error: Unresolved compilation problems: 
HttpServletRequest cannot be resolved to a type
HttpServletResponse cannot be resolved to a type

at admin.AdminManageCategoryControllerNGTest.testDoPost(AdminManageCategoryControllerNGTest.java:76)
at java.base/jdk.internal.reflect.DirectMethodHandleAccessor.invoke(DirectMethodHandleAccessor.java:103)
at java.base/java.lang.reflect.Method.invoke(Method.java:580)
at org.testng.internal.MethodInvocationHelper.invokeMethod(MethodInvocationHelper.java:133)
at org.testng.internal.TestInvoker.invokeMethod(TestInvoker.java:598)
at org.testng.internal.TestInvoker.invokeTestMethod(TestInvoker.java:173)
at org.testng.internal.MethodRunner.runInSequence(MethodRunner.java:46)
at org.testng.internal.TestInvoker$MethodInvocationAgent.invoke(TestInvoker.java:824)
at org.testng.internal.TestInvoker.invokeTestMethods(TestInvoker.java:146)
at org.testng.internal.TestMethodWorker.invokeTestMethods(TestMethodWorker.java:146)
at org.testng.internal.TestMethodWorker.run(TestMethodWorker.java:128)
at java.base/java.util.ArrayList.forEach(ArrayList.java:1597)
at org.testng.TestRunner.privateRun(TestRunner.java:794)
at org.testng.TestRunner.run(TestRunner.java:596)
at org.testng.SuiteRunner.runTest(SuiteRunner.java:377)
at org.testng.SuiteRunner.runSequentially(SuiteRunner.java:371)
at org.testng.SuiteRunner.privateRun(SuiteRunner.java:332)
at org.testng.SuiteRunner.run(SuiteRunner.java:276)
at org.testng.SuiteRunnerWorker.runSuite(SuiteRunnerWorker.java:53)
at org.testng.SuiteRunnerWorker.run(SuiteRunnerWorker.java:96)
at org.testng.TestNG.runSuitesSequentially(TestNG.java:1212)
at org.testng.TestNG.runSuitesLocally(TestNG.java:1134)
at org.testng.TestNG.runSuites(TestNG.java:1063)
at org.testng.TestNG.run(TestNG.java:1031)
at org.testng.remote.AbstractRemoteTestNG.run(AbstractRemoteTestNG.java:115)
at org.testng.remote.RemoteTestNG.initAndRun(RemoteTestNG.java:293)
at org.testng.remote.RemoteTestNG.main(RemoteTestNG.java:91)
]]>
            </full-stacktrace>
          </exception> <!-- java.lang.Error -->
          <reporter-output>
          </reporter-output>
        </test-method> <!-- testDoPost -->
        <test-method is-config="true" signature="setUpMethod()[pri:0, instance:admin.AdminManageCategoryControllerNGTest@117632cf]" started-at="2024-09-21T16:25:56 ICT" name="setUpMethod" finished-at="2024-09-21T16:25:56 ICT" duration-ms="0" status="PASS">
          <reporter-output>
          </reporter-output>
        </test-method> <!-- setUpMethod -->
        <test-method is-config="true" signature="tearDownMethod()[pri:0, instance:admin.AdminManageCategoryControllerNGTest@117632cf]" started-at="2024-09-21T16:25:56 ICT" name="tearDownMethod" finished-at="2024-09-21T16:25:56 ICT" duration-ms="1" status="PASS">
          <reporter-output>
          </reporter-output>
        </test-method> <!-- tearDownMethod -->
        <test-method is-config="true" signature="setUpMethod()[pri:0, instance:admin.AdminManageCategoryControllerNGTest@117632cf]" started-at="2024-09-21T16:25:56 ICT" name="setUpMethod" finished-at="2024-09-21T16:25:56 ICT" duration-ms="0" status="PASS">
          <reporter-output>
          </reporter-output>
        </test-method> <!-- setUpMethod -->
        <test-method signature="testGetServletInfo()[pri:0, instance:admin.AdminManageCategoryControllerNGTest@117632cf]" started-at="2024-09-21T16:25:56 ICT" name="testGetServletInfo" finished-at="2024-09-21T16:25:56 ICT" duration-ms="3" status="FAIL">
          <exception class="java.lang.Error">
            <message>
              <![CDATA[Unresolved compilation problems: 
The import javax.servlet cannot be resolved
The import javax.servlet cannot be resolved
The import javax.servlet cannot be resolved
The import javax.servlet cannot be resolved
The import javax.servlet cannot be resolved
HttpServlet cannot be resolved to a type
HttpServletRequest cannot be resolved to a type
HttpServletResponse cannot be resolved to a type
ServletException cannot be resolved to a type
HttpSession cannot be resolved to a type
The method log(String) is undefined for the type AdminManageCategoryController
HttpServletRequest cannot be resolved to a type
HttpServletResponse cannot be resolved to a type
ServletException cannot be resolved to a type
HttpServletRequest cannot be resolved to a type
HttpServletResponse cannot be resolved to a type
ServletException cannot be resolved to a type
The method getServletInfo() of type AdminManageCategoryController must override or implement a supertype method
]]>
            </message>
            <full-stacktrace>
              <![CDATA[java.lang.Error: Unresolved compilation problems: 
The import javax.servlet cannot be resolved
The import javax.servlet cannot be resolved
The import javax.servlet cannot be resolved
The import javax.servlet cannot be resolved
The import javax.servlet cannot be resolved
HttpServlet cannot be resolved to a type
HttpServletRequest cannot be resolved to a type
HttpServletResponse cannot be resolved to a type
ServletException cannot be resolved to a type
HttpSession cannot be resolved to a type
The method log(String) is undefined for the type AdminManageCategoryController
HttpServletRequest cannot be resolved to a type
HttpServletResponse cannot be resolved to a type
ServletException cannot be resolved to a type
HttpServletRequest cannot be resolved to a type
HttpServletResponse cannot be resolved to a type
ServletException cannot be resolved to a type
The method getServletInfo() of type AdminManageCategoryController must override or implement a supertype method

at admin.AdminManageCategoryController.<init>(AdminManageCategoryController.java:7)
at admin.AdminManageCategoryControllerNGTest.testGetServletInfo(AdminManageCategoryControllerNGTest.java:90)
at java.base/jdk.internal.reflect.DirectMethodHandleAccessor.invoke(DirectMethodHandleAccessor.java:103)
at java.base/java.lang.reflect.Method.invoke(Method.java:580)
at org.testng.internal.MethodInvocationHelper.invokeMethod(MethodInvocationHelper.java:133)
at org.testng.internal.TestInvoker.invokeMethod(TestInvoker.java:598)
at org.testng.internal.TestInvoker.invokeTestMethod(TestInvoker.java:173)
at org.testng.internal.MethodRunner.runInSequence(MethodRunner.java:46)
at org.testng.internal.TestInvoker$MethodInvocationAgent.invoke(TestInvoker.java:824)
at org.testng.internal.TestInvoker.invokeTestMethods(TestInvoker.java:146)
at org.testng.internal.TestMethodWorker.invokeTestMethods(TestMethodWorker.java:146)
at org.testng.internal.TestMethodWorker.run(TestMethodWorker.java:128)
at java.base/java.util.ArrayList.forEach(ArrayList.java:1597)
at org.testng.TestRunner.privateRun(TestRunner.java:794)
at org.testng.TestRunner.run(TestRunner.java:596)
at org.testng.SuiteRunner.runTest(SuiteRunner.java:377)
at org.testng.SuiteRunner.runSequentially(SuiteRunner.java:371)
at org.testng.SuiteRunner.privateRun(SuiteRunner.java:332)
at org.testng.SuiteRunner.run(SuiteRunner.java:276)
at org.testng.SuiteRunnerWorker.runSuite(SuiteRunnerWorker.java:53)
at org.testng.SuiteRunnerWorker.run(SuiteRunnerWorker.java:96)
at org.testng.TestNG.runSuitesSequentially(TestNG.java:1212)
at org.testng.TestNG.runSuitesLocally(TestNG.java:1134)
at org.testng.TestNG.runSuites(TestNG.java:1063)
at org.testng.TestNG.run(TestNG.java:1031)
at org.testng.remote.AbstractRemoteTestNG.run(AbstractRemoteTestNG.java:115)
at org.testng.remote.RemoteTestNG.initAndRun(RemoteTestNG.java:293)
at org.testng.remote.RemoteTestNG.main(RemoteTestNG.java:91)
]]>
            </full-stacktrace>
          </exception> <!-- java.lang.Error -->
          <reporter-output>
          </reporter-output>
        </test-method> <!-- testGetServletInfo -->
        <test-method is-config="true" signature="tearDownMethod()[pri:0, instance:admin.AdminManageCategoryControllerNGTest@117632cf]" started-at="2024-09-21T16:25:56 ICT" name="tearDownMethod" finished-at="2024-09-21T16:25:56 ICT" duration-ms="0" status="PASS">
          <reporter-output>
          </reporter-output>
        </test-method> <!-- tearDownMethod -->
        <test-method signature="testProcessRequest()[pri:0, instance:admin.AdminManageCategoryControllerNGTest@117632cf]" started-at="2024-09-21T16:25:56 ICT" name="testProcessRequest" finished-at="2024-09-21T16:25:56 ICT" duration-ms="3" status="FAIL">
          <exception class="java.lang.Error">
            <message>
              <![CDATA[Unresolved compilation problems: 
HttpServletRequest cannot be resolved to a type
HttpServletResponse cannot be resolved to a type
]]>
            </message>
            <full-stacktrace>
              <![CDATA[java.lang.Error: Unresolved compilation problems: 
HttpServletRequest cannot be resolved to a type
HttpServletResponse cannot be resolved to a type

at admin.AdminManageCategoryControllerNGTest.testProcessRequest(AdminManageCategoryControllerNGTest.java:48)
at java.base/jdk.internal.reflect.DirectMethodHandleAccessor.invoke(DirectMethodHandleAccessor.java:103)
at java.base/java.lang.reflect.Method.invoke(Method.java:580)
at org.testng.internal.MethodInvocationHelper.invokeMethod(MethodInvocationHelper.java:133)
at org.testng.internal.TestInvoker.invokeMethod(TestInvoker.java:598)
at org.testng.internal.TestInvoker.invokeTestMethod(TestInvoker.java:173)
at org.testng.internal.MethodRunner.runInSequence(MethodRunner.java:46)
at org.testng.internal.TestInvoker$MethodInvocationAgent.invoke(TestInvoker.java:824)
at org.testng.internal.TestInvoker.invokeTestMethods(TestInvoker.java:146)
at org.testng.internal.TestMethodWorker.invokeTestMethods(TestMethodWorker.java:146)
at org.testng.internal.TestMethodWorker.run(TestMethodWorker.java:128)
at java.base/java.util.ArrayList.forEach(ArrayList.java:1597)
at org.testng.TestRunner.privateRun(TestRunner.java:794)
at org.testng.TestRunner.run(TestRunner.java:596)
at org.testng.SuiteRunner.runTest(SuiteRunner.java:377)
at org.testng.SuiteRunner.runSequentially(SuiteRunner.java:371)
at org.testng.SuiteRunner.privateRun(SuiteRunner.java:332)
at org.testng.SuiteRunner.run(SuiteRunner.java:276)
at org.testng.SuiteRunnerWorker.runSuite(SuiteRunnerWorker.java:53)
at org.testng.SuiteRunnerWorker.run(SuiteRunnerWorker.java:96)
at org.testng.TestNG.runSuitesSequentially(TestNG.java:1212)
at org.testng.TestNG.runSuitesLocally(TestNG.java:1134)
at org.testng.TestNG.runSuites(TestNG.java:1063)
at org.testng.TestNG.run(TestNG.java:1031)
at org.testng.remote.AbstractRemoteTestNG.run(AbstractRemoteTestNG.java:115)
at org.testng.remote.RemoteTestNG.initAndRun(RemoteTestNG.java:293)
at org.testng.remote.RemoteTestNG.main(RemoteTestNG.java:91)
]]>
            </full-stacktrace>
          </exception> <!-- java.lang.Error -->
          <reporter-output>
          </reporter-output>
        </test-method> <!-- testProcessRequest -->
        <test-method is-config="true" signature="setUpMethod()[pri:0, instance:admin.AdminManageCategoryControllerNGTest@117632cf]" started-at="2024-09-21T16:25:56 ICT" name="setUpMethod" finished-at="2024-09-21T16:25:56 ICT" duration-ms="0" status="PASS">
          <reporter-output>
          </reporter-output>
        </test-method> <!-- setUpMethod -->
        <test-method is-config="true" signature="tearDownMethod()[pri:0, instance:admin.AdminManageCategoryControllerNGTest@117632cf]" started-at="2024-09-21T16:25:56 ICT" name="tearDownMethod" finished-at="2024-09-21T16:25:56 ICT" duration-ms="0" status="PASS">
          <reporter-output>
          </reporter-output>
        </test-method> <!-- tearDownMethod -->
        <test-method is-config="true" signature="tearDownClass()[pri:0, instance:admin.AdminManageCategoryControllerNGTest@117632cf]" started-at="2024-09-21T16:25:56 ICT" name="tearDownClass" finished-at="2024-09-21T16:25:56 ICT" duration-ms="1" status="PASS">
          <reporter-output>
          </reporter-output>
        </test-method> <!-- tearDownClass -->
      </class> <!-- admin.AdminManageCategoryControllerNGTest -->
    </test> <!-- Default test -->
  </suite> <!-- Default suite -->
</testng-results>
